<?xml version="1.0" encoding="UTF-8"?>
<!-- Generated by org.testng.reporters.JUnitReportReporter -->
<testsuite hostname="KUMUDRANJAN" failures="0" tests="1" name="seleniumEasy.UrlCheckTestng" time="25.786" errors="0" timestamp="2023-05-18T06:33:49 IST" skipped="0">
  <testcase classname="seleniumEasy.UrlCheckTestng" name="UrlCheckwithTest" time="25.786"/>
  <system-out/>
</testsuite> <!-- seleniumEasy.UrlCheckTestng -->
