<?xml version="1.0" encoding="UTF-8"?>
<!-- Generated by org.testng.reporters.JUnitReportReporter -->
<testsuite hostname="KUMUDRANJAN" failures="0" tests="2" name="WithTest.Practicetestng" time="0.009" errors="0" timestamp="2023-05-05T04:17:33 IST" skipped="0">
  <testcase classname="WithTest.Practicetestng" name="blogintest" time="0.007"/>
  <system-out/>
  <testcase classname="WithTest.Practicetestng" name="aloginTest" time="0.002"/>
  <system-out/>
</testsuite> <!-- WithTest.Practicetestng -->
