<?xml version="1.0" encoding="UTF-8"?>
<!-- Generated by org.testng.reporters.JUnitReportReporter -->
<testsuite hostname="KUMUDRANJAN" failures="0" tests="1" name="WithTest.TestingTitle" time="4.646" errors="0" timestamp="2023-05-04T05:16:29 IST" skipped="0">
  <testcase classname="WithTest.TestingTitle" name="Testingtitle" time="4.646"/>
  <system-out/>
</testsuite> <!-- WithTest.TestingTitle -->
