<?xml version="1.0" encoding="UTF-8"?>
<!-- Generated by org.testng.reporters.JUnitReportReporter -->
<testsuite hostname="KUMUDRANJAN" failures="0" tests="5" name="WithTest.annotation" time="0.016" errors="0" timestamp="2023-05-05T04:17:33 IST" skipped="0">
  <testcase classname="WithTest.annotation" name="testngpro" time="0.003"/>
  <system-out/>
  <testcase classname="WithTest.annotation" name="testngpractice" time="0.004"/>
  <system-out/>
  <testcase classname="WithTest.annotation" name="dummy1" time="0.003"/>
  <system-out/>
  <testcase classname="WithTest.annotation" name="dummy3" time="0.004"/>
  <system-out/>
  <testcase classname="WithTest.annotation" name="dummy2" time="0.002"/>
  <system-out/>
</testsuite> <!-- WithTest.annotation -->
