<?xml version="1.0" encoding="UTF-8"?>
<!-- Generated by org.testng.reporters.JUnitReportReporter -->
<testsuite hostname="KUMUDRANJAN" failures="0" tests="2" name="TestNgPractice" time="0.013" errors="0" timestamp="2023-05-04T03:01:58 IST" skipped="0">
  <testcase classname="TestNgPractice" name="testngpractice" time="0.011"/>
  <system-out/>
  <testcase classname="TestNgPractice" name="testngpro" time="0.002"/>
  <system-out/>
</testsuite> <!-- TestNgPractice -->
